<?xml version="1.0" encoding="UTF-8"?>
<testng-results ignored="0" total="1" passed="1" failed="0" skipped="0">
  <reporter-output>
  </reporter-output>
  <suite started-at="2022-09-05T19:08:45Z" name="Amazon" finished-at="2022-09-05T19:09:28Z" duration-ms="43212">
    <groups>
      <group name="Smoke">
        <method signature="TestClass.checkKindlePage()[pri:0, instance:testPackage.TestClass@1e730495]" name="checkKindlePage" class="testPackage.TestClass"/>
      </group> <!-- Smoke -->
    </groups>
    <test started-at="2022-09-05T19:08:45Z" name="TestNGonFirefox" finished-at="2022-09-05T19:09:28Z" duration-ms="43212">
      <class name="testPackage.TestClass">
        <test-method is-config="true" signature="driverSetup(java.lang.String)[pri:0, instance:testPackage.TestClass@1e730495]" started-at="2022-09-05T19:08:45Z" name="driverSetup" finished-at="2022-09-05T19:08:45Z" duration-ms="10" status="PASS">
          <params>
            <param index="0">
              <value>
                <![CDATA[firefox]]>
              </value>
            </param>
          </params>
          <reporter-output>
          </reporter-output>
        </test-method> <!-- driverSetup -->
        <test-method is-config="true" signature="openUrl(java.lang.String)[pri:0, instance:testPackage.TestClass@1e730495]" started-at="2022-09-05T19:08:45Z" name="openUrl" finished-at="2022-09-05T19:09:00Z" duration-ms="14942" status="PASS">
          <params>
            <param index="0">
              <value>
                <![CDATA[firefox]]>
              </value>
            </param>
          </params>
          <reporter-output>
          </reporter-output>
        </test-method> <!-- openUrl -->
        <test-method signature="checkKindlePage()[pri:0, instance:testPackage.TestClass@1e730495]" started-at="2022-09-05T19:09:00Z" name="checkKindlePage" finished-at="2022-09-05T19:09:26Z" duration-ms="26870" status="PASS">
          <reporter-output>
          </reporter-output>
        </test-method> <!-- checkKindlePage -->
        <test-method is-config="true" signature="closeBrowser()[pri:0, instance:testPackage.TestClass@1e730495]" started-at="2022-09-05T19:09:27Z" name="closeBrowser" finished-at="2022-09-05T19:09:28Z" duration-ms="1309" status="PASS">
          <reporter-output>
          </reporter-output>
        </test-method> <!-- closeBrowser -->
      </class> <!-- testPackage.TestClass -->
    </test> <!-- TestNGonFirefox -->
  </suite> <!-- Amazon -->
</testng-results>
